<?xml version="1.0" encoding="UTF-8"?>
<beans xmlns="http://www.springframework.org/schema/beans" xmlns:xsi="http://www.w3.org/2001/XMLSchema-instance"
       xmlns:context="http://www.springframework.org/schema/context"
       xmlns:tx="http://www.springframework.org/schema/tx"
       xsi:schemaLocation="http://www.springframework.org/schema/beans http://www.springframework.org/schema/beans/spring-beans.xsd 
                           http://www.springframework.org/schema/context http://www.springframework.org/schema/context/spring-context.xsd
                           http://www.springframework.org/schema/tx http://www.springframework.org/schema/tx/spring-tx.xsd">
  
  <context:component-scan base-package="pl.swmind.robust.gibbs.buffer.impl" />
  
  <tx:annotation-driven proxy-target-class="true" />

  <bean id="dataSource" class="org.springframework.jdbc.datasource.DriverManagerDataSource">
    <property name="driverClassName" value="org.hsqldb.jdbcDriver" />
    <property name="url" value="jdbc:hsqldb:mem:." />
    <property name="username" value="sa" />
    <property name="password" value="" />
  </bean>

  <bean id="sessionFactory" class="org.springframework.orm.hibernate3.annotation.AnnotationSessionFactoryBean">
    <property name="dataSource" ref="dataSource"/>

    <property name="packagesToScan">
      <list>
        <value>pl.swmind.robust.sioc.core</value>
        <value>pl.swmind.robust.sioc.model</value>
        <value>pl.swmind.robust.sioc.twitter.mapping</value>
      </list>
    </property>

    <property name="hibernateProperties">
      <props>
        <prop key="hibernate.hbm2ddl.auto">create-drop</prop>
        <prop key="hibernate.dialect">org.hibernate.dialect.HSQLDialect</prop>
      </props>
    </property>
  </bean>

  <bean id="transactionManager" class="org.springframework.orm.hibernate3.HibernateTransactionManager">
    <property name="sessionFactory" ref="sessionFactory"/>
  </bean>
</beans>